TN:
SF:/Users/larrywifepc/Desktop/frontend/v-parts/src/svg.js
FN:1,(anonymous_0)
FN:1,(anonymous_1)
FN:1,(anonymous_2)
FN:1,(anonymous_3)
FN:1,(anonymous_4)
FN:1,(anonymous_5)
FN:1,(anonymous_6)
FNF:7
FNH:4
FNDA:2,(anonymous_0)
FNDA:2,(anonymous_1)
FNDA:2,(anonymous_2)
FNDA:0,(anonymous_3)
FNDA:0,(anonymous_4)
FNDA:0,(anonymous_5)
FNDA:2,(anonymous_6)
DA:1,2
LF:1
LH:1
BRDA:1,0,0,0
BRDA:1,0,1,2
BRDA:1,1,0,2
BRDA:1,1,1,0
BRDA:1,2,0,0
BRDA:1,2,1,0
BRDA:1,3,0,2
BRDA:1,3,1,0
BRDA:1,4,0,0
BRDA:1,4,1,2
BRDA:1,5,0,0
BRDA:1,5,1,0
BRDA:1,6,0,0
BRDA:1,6,1,0
BRDA:1,7,0,0
BRDA:1,7,1,0
BRDA:1,8,0,2
BRDA:1,8,1,2
BRDA:1,9,0,2
BRDA:1,9,1,0
BRF:20
BRH:7
end_of_record
TN:
SF:/Users/larrywifepc/Desktop/frontend/v-parts/src/icon.vue
FNF:0
FNH:0
LF:0
LH:0
BRF:0
BRH:0
end_of_record
TN:
SF:/Users/larrywifepc/Desktop/frontend/v-parts/src/button/button.vue
FN:27,(anonymous_0)
FNF:1
FNH:1
FNDA:5,(anonymous_0)
DA:28,5
LF:1
LH:1
BRDA:28,0,0,5
BRDA:28,0,1,0
BRF:2
BRH:1
end_of_record
TN:
SF:/Users/larrywifepc/Desktop/frontend/v-parts/tests/unit/button.spec.js
FN:7,(anonymous_0)
FN:8,(anonymous_1)
FN:11,(anonymous_2)
FN:20,(anonymous_3)
FN:33,(anonymous_4)
FN:45,(anonymous_5)
FN:57,(anonymous_6)
FNF:7
FNH:7
FNDA:1,(anonymous_0)
FNDA:1,(anonymous_1)
FNDA:1,(anonymous_2)
FNDA:1,(anonymous_3)
FNDA:1,(anonymous_4)
FNDA:1,(anonymous_5)
FNDA:1,(anonymous_6)
DA:6,1
DA:7,1
DA:8,1
DA:9,1
DA:11,1
DA:12,1
DA:17,1
DA:18,1
DA:20,1
DA:21,1
DA:27,1
DA:28,1
DA:29,1
DA:30,1
DA:33,1
DA:34,1
DA:40,1
DA:41,1
DA:42,1
DA:45,1
DA:46,1
DA:53,1
DA:54,1
DA:55,1
DA:57,1
DA:58,1
DA:63,1
DA:66,1
DA:67,1
DA:68,1
DA:69,1
LF:31
LH:31
BRF:0
BRH:0
end_of_record
TN:
SF:/Users/larrywifepc/Desktop/frontend/v-parts/src/slider/slides.vue
FN:45,(anonymous_0)
FN:49,(anonymous_1)
FN:50,(anonymous_2)
FN:53,(anonymous_3)
FN:54,(anonymous_4)
FN:57,(anonymous_5)
FN:66,(anonymous_6)
FN:69,(anonymous_7)
FN:72,(anonymous_8)
FN:79,(anonymous_9)
FN:82,(anonymous_10)
FN:102,(anonymous_11)
FN:106,(anonymous_12)
FN:121,(anonymous_13)
FN:125,(anonymous_14)
FN:128,(anonymous_15)
FN:131,(anonymous_16)
FN:141,(anonymous_17)
FN:145,(anonymous_18)
FN:147,(anonymous_19)
FN:156,(anonymous_20)
FN:162,(anonymous_21)
FN:170,(anonymous_22)
FNF:23
FNH:13
FNDA:2,(anonymous_0)
FNDA:2,(anonymous_1)
FNDA:6,(anonymous_2)
FNDA:2,(anonymous_3)
FNDA:10,(anonymous_4)
FNDA:2,(anonymous_5)
FNDA:0,(anonymous_6)
FNDA:0,(anonymous_7)
FNDA:0,(anonymous_8)
FNDA:0,(anonymous_9)
FNDA:0,(anonymous_10)
FNDA:2,(anonymous_11)
FNDA:0,(anonymous_12)
FNDA:0,(anonymous_13)
FNDA:0,(anonymous_14)
FNDA:0,(anonymous_15)
FNDA:0,(anonymous_16)
FNDA:4,(anonymous_17)
FNDA:4,(anonymous_18)
FNDA:12,(anonymous_19)
FNDA:12,(anonymous_20)
FNDA:2,(anonymous_21)
FNDA:2,(anonymous_22)
DA:46,2
DA:47,2
DA:50,6
DA:54,10
DA:58,2
DA:67,0
DA:70,0
DA:73,0
DA:74,0
DA:75,0
DA:77,0
DA:83,0
DA:84,0
DA:85,0
DA:86,0
DA:87,0
DA:89,0
DA:90,0
DA:91,0
DA:92,0
DA:93,0
DA:94,0
DA:95,0
DA:97,0
DA:100,0
DA:103,2
DA:104,0
DA:106,2
DA:107,0
DA:108,0
DA:109,0
DA:110,0
DA:112,0
DA:113,0
DA:115,0
DA:116,0
DA:117,0
DA:119,2
DA:122,0
DA:123,0
DA:126,0
DA:129,0
DA:132,0
DA:133,0
DA:134,0
DA:136,0
DA:137,0
DA:139,0
DA:142,4
DA:143,4
DA:146,4
DA:147,4
DA:148,12
DA:149,12
DA:150,0
DA:152,12
DA:153,0
DA:155,12
DA:156,12
DA:157,12
DA:163,2
DA:164,2
DA:165,2
DA:167,2
DA:168,2
DA:171,2
LF:66
LH:24
BRDA:47,0,0,0
BRDA:47,0,1,2
BRDA:74,1,0,0
BRDA:74,1,1,0
BRDA:86,2,0,0
BRDA:86,2,1,0
BRDA:92,3,0,0
BRDA:92,3,1,0
BRDA:94,4,0,0
BRDA:94,4,1,0
BRDA:103,5,0,0
BRDA:103,5,1,2
BRDA:109,6,0,0
BRDA:109,6,1,0
BRDA:112,7,0,0
BRDA:112,7,1,0
BRDA:133,8,0,0
BRDA:133,8,1,0
BRDA:136,9,0,0
BRDA:136,9,1,0
BRDA:143,10,0,4
BRDA:143,10,1,0
BRDA:148,11,0,0
BRDA:148,11,1,12
BRDA:149,12,0,0
BRDA:149,12,1,12
BRDA:149,13,0,12
BRDA:149,13,1,0
BRDA:152,14,0,0
BRDA:152,14,1,12
BRDA:152,15,0,12
BRDA:152,15,1,0
BRDA:164,16,0,2
BRDA:164,16,1,0
BRF:34
BRH:9
end_of_record
TN:
SF:/Users/larrywifepc/Desktop/frontend/v-parts/src/slider/slides-item.vue
FN:22,(anonymous_0)
FN:26,(anonymous_1)
FN:32,(anonymous_2)
FNF:3
FNH:3
FNDA:12,(anonymous_0)
FNDA:6,(anonymous_1)
FNDA:6,(anonymous_2)
DA:23,12
DA:27,6
LF:2
LH:2
BRF:0
BRH:0
end_of_record
TN:
SF:/Users/larrywifepc/Desktop/frontend/v-parts/tests/unit/slide.spec.js
FN:10,(anonymous_0)
FN:11,(anonymous_1)
FN:14,(anonymous_2)
FN:35,(anonymous_3)
FN:42,(anonymous_4)
FN:62,(anonymous_5)
FNF:6
FNH:6
FNDA:1,(anonymous_0)
FNDA:1,(anonymous_1)
FNDA:1,(anonymous_2)
FNDA:1,(anonymous_3)
FNDA:1,(anonymous_4)
FNDA:1,(anonymous_5)
DA:9,1
DA:10,1
DA:11,1
DA:12,1
DA:14,1
DA:15,1
DA:16,1
DA:34,1
DA:35,1
DA:36,1
DA:37,1
DA:38,1
DA:42,1
DA:43,1
DA:44,1
DA:62,1
DA:63,1
DA:64,1
LF:18
LH:18
BRF:0
BRH:0
end_of_record
TN:
SF:/Users/larrywifepc/Desktop/frontend/v-parts/src/validate.js
FN:2,(anonymous_0)
FN:4,(anonymous_1)
FN:7,(anonymous_2)
FN:9,(anonymous_3)
FN:20,(anonymous_4)
FN:21,(anonymous_5)
FN:35,(anonymous_6)
FN:40,(anonymous_7)
FN:48,(anonymous_8)
FN:53,(anonymous_9)
FN:59,ensureObject
FNF:11
FNH:10
FNDA:10,(anonymous_0)
FNDA:0,(anonymous_1)
FNDA:9,(anonymous_2)
FNDA:9,(anonymous_3)
FNDA:18,(anonymous_4)
FNDA:18,(anonymous_5)
FNDA:8,(anonymous_6)
FNDA:6,(anonymous_7)
FNDA:1,(anonymous_8)
FNDA:1,(anonymous_9)
FNDA:6,ensureObject
DA:5,0
DA:8,9
DA:9,9
DA:10,9
DA:11,9
DA:12,5
DA:13,5
DA:14,2
DA:15,2
DA:16,2
DA:20,18
DA:21,7
DA:23,18
DA:24,11
DA:25,11
DA:26,4
DA:27,4
DA:33,9
DA:36,8
DA:37,2
DA:41,6
DA:42,4
DA:44,6
DA:45,2
DA:49,1
DA:50,1
DA:54,1
DA:55,1
DA:60,6
DA:61,6
LF:30
LH:29
BRDA:11,0,0,5
BRDA:11,0,1,4
BRDA:13,1,0,2
BRDA:13,1,1,3
BRDA:20,2,0,18
BRDA:20,2,1,7
BRDA:23,3,0,11
BRDA:23,3,1,7
BRDA:25,4,0,4
BRDA:25,4,1,7
BRDA:36,5,0,2
BRDA:36,5,1,6
BRDA:36,6,0,8
BRDA:36,6,1,6
BRDA:41,7,0,4
BRDA:41,7,1,2
BRDA:44,8,0,2
BRDA:44,8,1,4
BRDA:49,9,0,1
BRDA:49,9,1,0
BRDA:54,10,0,1
BRDA:54,10,1,0
BRDA:60,11,0,6
BRDA:60,11,1,0
BRF:24
BRH:21
end_of_record
TN:
SF:/Users/larrywifepc/Desktop/frontend/v-parts/tests/unit/validate.spec.js
FN:6,(anonymous_0)
FN:7,(anonymous_1)
FN:11,(anonymous_2)
FN:23,(anonymous_3)
FN:35,(anonymous_4)
FN:47,(anonymous_5)
FN:59,(anonymous_6)
FN:71,(anonymous_7)
FN:83,(anonymous_8)
FN:97,(anonymous_9)
FN:112,(anonymous_10)
FN:127,(anonymous_11)
FN:132,(anonymous_12)
FNF:13
FNH:12
FNDA:1,(anonymous_0)
FNDA:1,(anonymous_1)
FNDA:1,(anonymous_2)
FNDA:1,(anonymous_3)
FNDA:1,(anonymous_4)
FNDA:1,(anonymous_5)
FNDA:1,(anonymous_6)
FNDA:1,(anonymous_7)
FNDA:1,(anonymous_8)
FNDA:1,(anonymous_9)
FNDA:1,(anonymous_10)
FNDA:1,(anonymous_11)
FNDA:0,(anonymous_12)
DA:6,1
DA:7,1
DA:8,1
DA:9,1
DA:11,1
DA:12,1
DA:15,1
DA:19,1
DA:20,1
DA:21,1
DA:23,1
DA:24,1
DA:27,1
DA:31,1
DA:32,1
DA:33,1
DA:35,1
DA:36,1
DA:39,1
DA:43,1
DA:44,1
DA:45,1
DA:47,1
DA:48,1
DA:51,1
DA:55,1
DA:56,1
DA:57,1
DA:59,1
DA:60,1
DA:63,1
DA:67,1
DA:68,1
DA:69,1
DA:71,1
DA:72,1
DA:75,1
DA:79,1
DA:80,1
DA:81,1
DA:83,1
DA:84,1
DA:87,1
DA:92,1
DA:93,1
DA:94,1
DA:95,1
DA:97,1
DA:98,1
DA:101,1
DA:107,1
DA:108,1
DA:109,1
DA:110,1
DA:112,1
DA:113,1
DA:116,1
DA:122,1
DA:123,1
DA:124,1
DA:125,1
DA:127,1
DA:128,1
DA:131,1
DA:132,1
DA:133,0
DA:134,0
DA:136,1
LF:68
LH:66
BRF:0
BRH:0
end_of_record
